#
# A fatal error has been detected by the Java Runtime Environment:
#
#  Internal Error (c:/BuildAgent/work/5ff2f6c26000d570/src/hotspot/share/opto/type.cpp:1082), pid=12996, tid=3856
#  Error: ShouldNotReachHere()
#
# JRE version: OpenJDK Runtime Environment (11.0.4+10) (build 11.0.4+10-b520.11)
# Java VM: OpenJDK 64-Bit Server VM (11.0.4+10-b520.11, mixed mode, tiered, compressed oops, g1 gc, windows-amd64)
# No core dump will be written. Minidumps are not enabled by default on client versions of Windows
#
# If you would like to submit a bug report, please visit:
#   http://bugreport.java.com/bugreport/crash.jsp
#

---------------  S U M M A R Y ------------

Command Line: -Dfile.encoding=windows-1252 -Duser.country=US -Duser.language=en -Duser.variant sol_game.Main

Host: Intel(R) Core(TM) i5-8300H CPU @ 2.30GHz, 8 cores, 7G,  Windows 10 , 64 bit Build 18362 (10.0.18362.329)
Time: Thu Feb  6 17:05:37 2020 W. Europe Standard Time elapsed time: 336 seconds (0d 0h 5m 36s)

---------------  T H R E A D  ---------------

Current thread (0x00000167d9c26000):  JavaThread "C2 CompilerThread0" daemon [_thread_in_native, id=3856, stack(0x0000000b07300000,0x0000000b07400000)]


Current CompileTask:
C2: 336104 3975       4       imgui.classes.DrawList::addPolyline (3138 bytes)

Stack: [0x0000000b07300000,0x0000000b07400000]
Native frames: (J=compiled Java code, j=interpreted, Vv=VM code, C=native code)
V  [jvm.dll+0x5db21a]
V  [jvm.dll+0x70c4f5]
V  [jvm.dll+0x70da18]
V  [jvm.dll+0x70e097]
V  [jvm.dll+0x23ddbc]
V  [jvm.dll+0x23dd23]
V  [jvm.dll+0x6e77ae]
V  [jvm.dll+0x6e61da]
V  [jvm.dll+0x190c84]
V  [jvm.dll+0x60860b]
V  [jvm.dll+0x338b7b]
V  [jvm.dll+0x5efd42]
V  [jvm.dll+0x5ed855]
V  [jvm.dll+0x18253c]
V  [jvm.dll+0x1f6495]
V  [jvm.dll+0x17fd5c]
V  [jvm.dll+0x204ab7]
V  [jvm.dll+0x203352]
V  [jvm.dll+0x6d955f]
V  [jvm.dll+0x6d235d]
V  [jvm.dll+0x5da4f6]
C  [ucrtbase.dll+0x20e72]
C  [KERNEL32.DLL+0x17bd4]
C  [ntdll.dll+0x6ced1]


---------------  P R O C E S S  ---------------

Threads class SMR info:
_java_thread_list=0x00000167db8f02a0, length=20, elements={
0x00000167bedbd000, 0x00000167d93b8800, 0x00000167d9bd0800, 0x00000167d9c21800,
0x00000167d9c22800, 0x00000167d9c26000, 0x00000167d9c2b000, 0x00000167d9c2f800,
0x00000167d9d97800, 0x00000167d9d9a000, 0x00000167da9c1000, 0x00000167da7f4000,
0x00000167da7f5000, 0x00000167da940800, 0x00000167daced800, 0x00000167dacee000,
0x00000167da8a3800, 0x00000167da8a4000, 0x00000167daaf0000, 0x00000167dad39000
}

Java Threads: ( => current thread )
  0x00000167bedbd000 JavaThread "main" [_thread_in_native, id=7520, stack(0x0000000b06800000,0x0000000b06900000)]
  0x00000167d93b8800 JavaThread "Reference Handler" daemon [_thread_blocked, id=13580, stack(0x0000000b06f00000,0x0000000b07000000)]
  0x00000167d9bd0800 JavaThread "Finalizer" daemon [_thread_blocked, id=14092, stack(0x0000000b07000000,0x0000000b07100000)]
  0x00000167d9c21800 JavaThread "Signal Dispatcher" daemon [_thread_blocked, id=13788, stack(0x0000000b07100000,0x0000000b07200000)]
  0x00000167d9c22800 JavaThread "Attach Listener" daemon [_thread_blocked, id=4720, stack(0x0000000b07200000,0x0000000b07300000)]
=>0x00000167d9c26000 JavaThread "C2 CompilerThread0" daemon [_thread_in_native, id=3856, stack(0x0000000b07300000,0x0000000b07400000)]
  0x00000167d9c2b000 JavaThread "C1 CompilerThread0" daemon [_thread_blocked, id=3896, stack(0x0000000b07400000,0x0000000b07500000)]
  0x00000167d9c2f800 JavaThread "Sweeper thread" daemon [_thread_blocked, id=9084, stack(0x0000000b07500000,0x0000000b07600000)]
  0x00000167d9d97800 JavaThread "Service Thread" daemon [_thread_blocked, id=3064, stack(0x0000000b07600000,0x0000000b07700000)]
  0x00000167d9d9a000 JavaThread "Common-Cleaner" daemon [_thread_blocked, id=13972, stack(0x0000000b07800000,0x0000000b07900000)]
  0x00000167da9c1000 JavaThread "WebSocketSelector-21" [_thread_in_native, id=11712, stack(0x0000000b07900000,0x0000000b07a00000)]
  0x00000167da7f4000 JavaThread "WebSocketWorker-13" [_thread_blocked, id=13892, stack(0x0000000b07b00000,0x0000000b07c00000)]
  0x00000167da7f5000 JavaThread "WebSocketWorker-14" [_thread_blocked, id=13592, stack(0x0000000b07c00000,0x0000000b07d00000)]
  0x00000167da940800 JavaThread "WebSocketWorker-15" [_thread_blocked, id=13756, stack(0x0000000b07d00000,0x0000000b07e00000)]
  0x00000167daced800 JavaThread "WebSocketWorker-16" [_thread_blocked, id=10300, stack(0x0000000b07e00000,0x0000000b07f00000)]
  0x00000167dacee000 JavaThread "WebSocketWorker-17" [_thread_blocked, id=7188, stack(0x0000000b07f00000,0x0000000b08000000)]
  0x00000167da8a3800 JavaThread "WebSocketWorker-18" [_thread_blocked, id=2084, stack(0x0000000b08000000,0x0000000b08100000)]
  0x00000167da8a4000 JavaThread "WebSocketWorker-19" [_thread_blocked, id=5440, stack(0x0000000b08100000,0x0000000b08200000)]
  0x00000167daaf0000 JavaThread "WebSocketWorker-20" [_thread_blocked, id=13064, stack(0x0000000b08200000,0x0000000b08300000)]
  0x00000167dad39000 JavaThread "WebSocketTimer" [_thread_blocked, id=11408, stack(0x0000000b07a00000,0x0000000b07b00000)]

Other Threads:
  0x00000167d9393800 VMThread "VM Thread" [stack: 0x0000000b06e00000,0x0000000b06f00000] [id=13608]
  0x00000167d9d99000 WatcherThread [stack: 0x0000000b07700000,0x0000000b07800000] [id=14024]
  0x00000167bedd3000 GCTaskThread "GC Thread#0" [stack: 0x0000000b06900000,0x0000000b06a00000] [id=8616]
  0x00000167dab84000 GCTaskThread "GC Thread#1" [stack: 0x0000000b08300000,0x0000000b08400000] [id=10396]
  0x00000167dab84800 GCTaskThread "GC Thread#2" [stack: 0x0000000b08400000,0x0000000b08500000] [id=2244]
  0x00000167dad3b800 GCTaskThread "GC Thread#3" [stack: 0x0000000b08500000,0x0000000b08600000] [id=13968]
  0x00000167dad3c000 GCTaskThread "GC Thread#4" [stack: 0x0000000b08600000,0x0000000b08700000] [id=4700]
  0x00000167dad3c800 GCTaskThread "GC Thread#5" [stack: 0x0000000b08700000,0x0000000b08800000] [id=13532]
  0x00000167dad45800 GCTaskThread "GC Thread#6" [stack: 0x0000000b08800000,0x0000000b08900000] [id=2528]
  0x00000167dad4a000 GCTaskThread "GC Thread#7" [stack: 0x0000000b08900000,0x0000000b08a00000] [id=5792]
  0x00000167bee03800 ConcurrentGCThread "G1 Main Marker" [stack: 0x0000000b06a00000,0x0000000b06b00000] [id=7452]
  0x00000167bee06800 ConcurrentGCThread "G1 Conc#0" [stack: 0x0000000b06b00000,0x0000000b06c00000] [id=9032]
  0x00000167db437800 ConcurrentGCThread "G1 Conc#1" [stack: 0x0000000b09000000,0x0000000b09100000] [id=12992]
  0x00000167bee7e000 ConcurrentGCThread "G1 Refine#0" [stack: 0x0000000b06c00000,0x0000000b06d00000] [id=8980]
  0x00000167d91ea800 ConcurrentGCThread "G1 Young RemSet Sampling" [stack: 0x0000000b06d00000,0x0000000b06e00000] [id=14152]

Threads with active compile tasks:
C2 CompilerThread03975       4       imgui.classes.DrawList::addPolyline (3138 bytes)

VM state:not at safepoint (normal execution)

VM Mutex/Monitor currently owned by a thread: None

Heap address: 0x0000000084200000, size: 1982 MB, Compressed Oops mode: 32-bit
Narrow klass base: 0x0000000000000000, Narrow klass shift: 3
Compressed class space size: 1073741824 Address: 0x0000000100000000

Heap:
 garbage-first heap   total 126976K, used 9594K [0x0000000084200000, 0x0000000100000000)
  region size 1024K, 4 young (4096K), 2 survivors (2048K)
 Metaspace       used 29668K, capacity 30148K, committed 30336K, reserved 1077248K
  class space    used 2234K, capacity 2394K, committed 2432K, reserved 1048576K
Heap Regions: E=young(eden), S=young(survivor), O=old, HS=humongous(starts), HC=humongous(continues), CS=collection set, F=free, A=archive, TAMS=top-at-mark-start (previous, next)
|   0|0x0000000084200000, 0x0000000084300000, 0x0000000084300000|100%| O|  |TAMS 0x0000000084300000, 0x0000000084200000| Untracked 
|   1|0x0000000084300000, 0x0000000084400000, 0x0000000084400000|100%| O|  |TAMS 0x0000000084334200, 0x0000000084300000| Untracked 
|   2|0x0000000084400000, 0x0000000084500000, 0x0000000084500000|100%| O|  |TAMS 0x0000000084400000, 0x0000000084400000| Untracked 
|   3|0x0000000084500000, 0x0000000084600000, 0x0000000084600000|100%| O|  |TAMS 0x0000000084500000, 0x0000000084500000| Untracked 
|   4|0x0000000084600000, 0x0000000084700000, 0x0000000084700000|100%| O|  |TAMS 0x0000000084600000, 0x0000000084600000| Untracked 
|   5|0x0000000084700000, 0x0000000084800000, 0x0000000084800000|100%| O|  |TAMS 0x0000000084700000, 0x0000000084700000| Untracked 
|   6|0x0000000084800000, 0x00000000848b6600, 0x0000000084900000| 71%| O|  |TAMS 0x0000000084800000, 0x0000000084800000| Untracked 
|   7|0x0000000084900000, 0x0000000084900000, 0x0000000084a00000|  0%| F|  |TAMS 0x0000000084900000, 0x0000000084900000| Untracked 
|   8|0x0000000084a00000, 0x0000000084a00000, 0x0000000084b00000|  0%| F|  |TAMS 0x0000000084a00000, 0x0000000084a00000| Untracked 
|   9|0x0000000084b00000, 0x0000000084b00000, 0x0000000084c00000|  0%| F|  |TAMS 0x0000000084b00000, 0x0000000084b00000| Untracked 
|  10|0x0000000084c00000, 0x0000000084c00000, 0x0000000084d00000|  0%| F|  |TAMS 0x0000000084c00000, 0x0000000084c00000| Untracked 
|  11|0x0000000084d00000, 0x0000000084d00000, 0x0000000084e00000|  0%| F|  |TAMS 0x0000000084d00000, 0x0000000084d00000| Untracked 
|  12|0x0000000084e00000, 0x0000000084e00000, 0x0000000084f00000|  0%| F|  |TAMS 0x0000000084e00000, 0x0000000084e00000| Untracked 
|  13|0x0000000084f00000, 0x0000000084f00000, 0x0000000085000000|  0%| F|  |TAMS 0x0000000084f00000, 0x0000000084f00000| Untracked 
|  14|0x0000000085000000, 0x0000000085000000, 0x0000000085100000|  0%| F|  |TAMS 0x0000000085000000, 0x0000000085000000| Untracked 
|  15|0x0000000085100000, 0x0000000085100000, 0x0000000085200000|  0%| F|  |TAMS 0x0000000085100000, 0x0000000085100000| Untracked 
|  16|0x0000000085200000, 0x0000000085200000, 0x0000000085300000|  0%| F|  |TAMS 0x0000000085200000, 0x0000000085200000| Untracked 
|  17|0x0000000085300000, 0x0000000085300000, 0x0000000085400000|  0%| F|  |TAMS 0x0000000085300000, 0x0000000085300000| Untracked 
|  18|0x0000000085400000, 0x0000000085400000, 0x0000000085500000|  0%| F|  |TAMS 0x0000000085400000, 0x0000000085400000| Untracked 
|  19|0x0000000085500000, 0x0000000085500000, 0x0000000085600000|  0%| F|  |TAMS 0x0000000085500000, 0x0000000085500000| Untracked 
|  20|0x0000000085600000, 0x0000000085600000, 0x0000000085700000|  0%| F|  |TAMS 0x0000000085600000, 0x0000000085600000| Untracked 
|  21|0x0000000085700000, 0x0000000085700000, 0x0000000085800000|  0%| F|  |TAMS 0x0000000085700000, 0x0000000085700000| Untracked 
|  22|0x0000000085800000, 0x0000000085800000, 0x0000000085900000|  0%| F|  |TAMS 0x0000000085800000, 0x0000000085800000| Untracked 
|  23|0x0000000085900000, 0x0000000085900000, 0x0000000085a00000|  0%| F|  |TAMS 0x0000000085900000, 0x0000000085900000| Untracked 
|  24|0x0000000085a00000, 0x0000000085a00000, 0x0000000085b00000|  0%| F|  |TAMS 0x0000000085a00000, 0x0000000085a00000| Untracked 
|  25|0x0000000085b00000, 0x0000000085b00000, 0x0000000085c00000|  0%| F|  |TAMS 0x0000000085b00000, 0x0000000085b00000| Untracked 
|  26|0x0000000085c00000, 0x0000000085c00000, 0x0000000085d00000|  0%| F|  |TAMS 0x0000000085c00000, 0x0000000085c00000| Untracked 
|  27|0x0000000085d00000, 0x0000000085d00000, 0x0000000085e00000|  0%| F|  |TAMS 0x0000000085d00000, 0x0000000085d00000| Untracked 
|  28|0x0000000085e00000, 0x0000000085e00000, 0x0000000085f00000|  0%| F|  |TAMS 0x0000000085e00000, 0x0000000085e00000| Untracked 
|  29|0x0000000085f00000, 0x0000000085f00000, 0x0000000086000000|  0%| F|  |TAMS 0x0000000085f00000, 0x0000000085f00000| Untracked 
|  30|0x0000000086000000, 0x0000000086000000, 0x0000000086100000|  0%| F|  |TAMS 0x0000000086000000, 0x0000000086000000| Untracked 
|  31|0x0000000086100000, 0x0000000086100000, 0x0000000086200000|  0%| F|  |TAMS 0x0000000086100000, 0x0000000086100000| Untracked 
|  32|0x0000000086200000, 0x0000000086200000, 0x0000000086300000|  0%| F|  |TAMS 0x0000000086200000, 0x0000000086200000| Untracked 
|  33|0x0000000086300000, 0x0000000086300000, 0x0000000086400000|  0%| F|  |TAMS 0x0000000086300000, 0x0000000086300000| Untracked 
|  34|0x0000000086400000, 0x0000000086400000, 0x0000000086500000|  0%| F|  |TAMS 0x0000000086400000, 0x0000000086400000| Untracked 
|  35|0x0000000086500000, 0x0000000086500000, 0x0000000086600000|  0%| F|  |TAMS 0x0000000086500000, 0x0000000086500000| Untracked 
|  36|0x0000000086600000, 0x0000000086600000, 0x0000000086700000|  0%| F|  |TAMS 0x0000000086600000, 0x0000000086600000| Untracked 
|  37|0x0000000086700000, 0x0000000086700000, 0x0000000086800000|  0%| F|  |TAMS 0x0000000086700000, 0x0000000086700000| Untracked 
|  38|0x0000000086800000, 0x0000000086800000, 0x0000000086900000|  0%| F|  |TAMS 0x0000000086800000, 0x0000000086800000| Untracked 
|  39|0x0000000086900000, 0x0000000086900000, 0x0000000086a00000|  0%| F|  |TAMS 0x0000000086900000, 0x0000000086900000| Untracked 
|  40|0x0000000086a00000, 0x0000000086a00000, 0x0000000086b00000|  0%| F|  |TAMS 0x0000000086a00000, 0x0000000086a00000| Untracked 
|  41|0x0000000086b00000, 0x0000000086b00000, 0x0000000086c00000|  0%| F|  |TAMS 0x0000000086b00000, 0x0000000086b00000| Untracked 
|  42|0x0000000086c00000, 0x0000000086c00000, 0x0000000086d00000|  0%| F|  |TAMS 0x0000000086c00000, 0x0000000086c00000| Untracked 
|  43|0x0000000086d00000, 0x0000000086d00000, 0x0000000086e00000|  0%| F|  |TAMS 0x0000000086d00000, 0x0000000086d00000| Untracked 
|  44|0x0000000086e00000, 0x0000000086e00000, 0x0000000086f00000|  0%| F|  |TAMS 0x0000000086e00000, 0x0000000086e00000| Untracked 
|  45|0x0000000086f00000, 0x0000000086f00000, 0x0000000087000000|  0%| F|  |TAMS 0x0000000086f00000, 0x0000000086f00000| Untracked 
|  46|0x0000000087000000, 0x0000000087000000, 0x0000000087100000|  0%| F|  |TAMS 0x0000000087000000, 0x0000000087000000| Untracked 
|  47|0x0000000087100000, 0x0000000087100000, 0x0000000087200000|  0%| F|  |TAMS 0x0000000087100000, 0x0000000087100000| Untracked 
|  48|0x0000000087200000, 0x00000000872a82a0, 0x0000000087300000| 65%| S|CS|TAMS 0x0000000087200000, 0x0000000087200000| Complete 
|  49|0x0000000087300000, 0x0000000087400000, 0x0000000087400000|100%| S|CS|TAMS 0x0000000087300000, 0x0000000087300000| Complete 
|  50|0x0000000087400000, 0x0000000087400000, 0x0000000087500000|  0%| F|  |TAMS 0x0000000087400000, 0x0000000087400000| Untracked 
|  51|0x0000000087500000, 0x0000000087500000, 0x0000000087600000|  0%| F|  |TAMS 0x0000000087500000, 0x0000000087500000| Untracked 
|  52|0x0000000087600000, 0x0000000087600000, 0x0000000087700000|  0%| F|  |TAMS 0x0000000087600000, 0x0000000087600000| Untracked 
|  53|0x0000000087700000, 0x0000000087700000, 0x0000000087800000|  0%| F|  |TAMS 0x0000000087700000, 0x0000000087700000| Untracked 
|  54|0x0000000087800000, 0x0000000087800000, 0x0000000087900000|  0%| F|  |TAMS 0x0000000087800000, 0x0000000087800000| Untracked 
|  55|0x0000000087900000, 0x0000000087900000, 0x0000000087a00000|  0%| F|  |TAMS 0x0000000087900000, 0x0000000087900000| Untracked 
|  56|0x0000000087a00000, 0x0000000087a00000, 0x0000000087b00000|  0%| F|  |TAMS 0x0000000087a00000, 0x0000000087a00000| Untracked 
|  57|0x0000000087b00000, 0x0000000087b00000, 0x0000000087c00000|  0%| F|  |TAMS 0x0000000087b00000, 0x0000000087b00000| Untracked 
|  58|0x0000000087c00000, 0x0000000087c00000, 0x0000000087d00000|  0%| F|  |TAMS 0x0000000087c00000, 0x0000000087c00000| Untracked 
|  59|0x0000000087d00000, 0x0000000087d00000, 0x0000000087e00000|  0%| F|  |TAMS 0x0000000087d00000, 0x0000000087d00000| Untracked 
|  60|0x0000000087e00000, 0x0000000087e00000, 0x0000000087f00000|  0%| F|  |TAMS 0x0000000087e00000, 0x0000000087e00000| Untracked 
|  61|0x0000000087f00000, 0x0000000087f00000, 0x0000000088000000|  0%| F|  |TAMS 0x0000000087f00000, 0x0000000087f00000| Untracked 
|  62|0x0000000088000000, 0x0000000088000000, 0x0000000088100000|  0%| F|  |TAMS 0x0000000088000000, 0x0000000088000000| Untracked 
|  63|0x0000000088100000, 0x0000000088100000, 0x0000000088200000|  0%| F|  |TAMS 0x0000000088100000, 0x0000000088100000| Untracked 
|  64|0x0000000088200000, 0x0000000088200000, 0x0000000088300000|  0%| F|  |TAMS 0x0000000088200000, 0x0000000088200000| Untracked 
|  65|0x0000000088300000, 0x0000000088300000, 0x0000000088400000|  0%| F|  |TAMS 0x0000000088300000, 0x0000000088300000| Untracked 
|  66|0x0000000088400000, 0x0000000088400000, 0x0000000088500000|  0%| F|  |TAMS 0x0000000088400000, 0x0000000088400000| Untracked 
|  67|0x0000000088500000, 0x0000000088500000, 0x0000000088600000|  0%| F|  |TAMS 0x0000000088500000, 0x0000000088500000| Untracked 
|  68|0x0000000088600000, 0x0000000088600000, 0x0000000088700000|  0%| F|  |TAMS 0x0000000088600000, 0x0000000088600000| Untracked 
|  69|0x0000000088700000, 0x0000000088700000, 0x0000000088800000|  0%| F|  |TAMS 0x0000000088700000, 0x0000000088700000| Untracked 
|  70|0x0000000088800000, 0x0000000088800000, 0x0000000088900000|  0%| F|  |TAMS 0x0000000088800000, 0x0000000088800000| Untracked 
|  71|0x0000000088900000, 0x0000000088900000, 0x0000000088a00000|  0%| F|  |TAMS 0x0000000088900000, 0x0000000088900000| Untracked 
|  72|0x0000000088a00000, 0x0000000088a00000, 0x0000000088b00000|  0%| F|  |TAMS 0x0000000088a00000, 0x0000000088a00000| Untracked 
|  73|0x0000000088b00000, 0x0000000088b00000, 0x0000000088c00000|  0%| F|  |TAMS 0x0000000088b00000, 0x0000000088b00000| Untracked 
|  74|0x0000000088c00000, 0x0000000088c00000, 0x0000000088d00000|  0%| F|  |TAMS 0x0000000088c00000, 0x0000000088c00000| Untracked 
|  75|0x0000000088d00000, 0x0000000088d00000, 0x0000000088e00000|  0%| F|  |TAMS 0x0000000088d00000, 0x0000000088d00000| Untracked 
|  76|0x0000000088e00000, 0x0000000088e00000, 0x0000000088f00000|  0%| F|  |TAMS 0x0000000088e00000, 0x0000000088e00000| Untracked 
|  77|0x0000000088f00000, 0x0000000088f00000, 0x0000000089000000|  0%| F|  |TAMS 0x0000000088f00000, 0x0000000088f00000| Untracked 
|  78|0x0000000089000000, 0x0000000089000000, 0x0000000089100000|  0%| F|  |TAMS 0x0000000089000000, 0x0000000089000000| Untracked 
|  79|0x0000000089100000, 0x0000000089100000, 0x0000000089200000|  0%| F|  |TAMS 0x0000000089100000, 0x0000000089100000| Untracked 
|  80|0x0000000089200000, 0x0000000089200000, 0x0000000089300000|  0%| F|  |TAMS 0x0000000089200000, 0x0000000089200000| Untracked 
|  81|0x0000000089300000, 0x0000000089300000, 0x0000000089400000|  0%| F|  |TAMS 0x0000000089300000, 0x0000000089300000| Untracked 
|  82|0x0000000089400000, 0x0000000089400000, 0x0000000089500000|  0%| F|  |TAMS 0x0000000089400000, 0x0000000089400000| Untracked 
|  83|0x0000000089500000, 0x0000000089500000, 0x0000000089600000|  0%| F|  |TAMS 0x0000000089500000, 0x0000000089500000| Untracked 
|  84|0x0000000089600000, 0x0000000089600000, 0x0000000089700000|  0%| F|  |TAMS 0x0000000089600000, 0x0000000089600000| Untracked 
|  85|0x0000000089700000, 0x0000000089700000, 0x0000000089800000|  0%| F|  |TAMS 0x0000000089700000, 0x0000000089700000| Untracked 
|  86|0x0000000089800000, 0x0000000089800000, 0x0000000089900000|  0%| F|  |TAMS 0x0000000089800000, 0x0000000089800000| Untracked 
|  87|0x0000000089900000, 0x0000000089900000, 0x0000000089a00000|  0%| F|  |TAMS 0x0000000089900000, 0x0000000089900000| Untracked 
|  88|0x0000000089a00000, 0x0000000089a00000, 0x0000000089b00000|  0%| F|  |TAMS 0x0000000089a00000, 0x0000000089a00000| Untracked 
|  89|0x0000000089b00000, 0x0000000089b00000, 0x0000000089c00000|  0%| F|  |TAMS 0x0000000089b00000, 0x0000000089b00000| Untracked 
|  90|0x0000000089c00000, 0x0000000089c00000, 0x0000000089d00000|  0%| F|  |TAMS 0x0000000089c00000, 0x0000000089c00000| Untracked 
|  91|0x0000000089d00000, 0x0000000089d00000, 0x0000000089e00000|  0%| F|  |TAMS 0x0000000089d00000, 0x0000000089d00000| Untracked 
|  92|0x0000000089e00000, 0x0000000089e00000, 0x0000000089f00000|  0%| F|  |TAMS 0x0000000089e00000, 0x0000000089e00000| Untracked 
|  93|0x0000000089f00000, 0x0000000089f00000, 0x000000008a000000|  0%| F|  |TAMS 0x0000000089f00000, 0x0000000089f00000| Untracked 
|  94|0x000000008a000000, 0x000000008a000000, 0x000000008a100000|  0%| F|  |TAMS 0x000000008a000000, 0x000000008a000000| Untracked 
|  95|0x000000008a100000, 0x000000008a100000, 0x000000008a200000|  0%| F|  |TAMS 0x000000008a100000, 0x000000008a100000| Untracked 
|  96|0x000000008a200000, 0x000000008a200000, 0x000000008a300000|  0%| F|  |TAMS 0x000000008a200000, 0x000000008a200000| Untracked 
|  97|0x000000008a300000, 0x000000008a300000, 0x000000008a400000|  0%| F|  |TAMS 0x000000008a300000, 0x000000008a300000| Untracked 
|  98|0x000000008a400000, 0x000000008a400000, 0x000000008a500000|  0%| F|  |TAMS 0x000000008a400000, 0x000000008a400000| Untracked 
|  99|0x000000008a500000, 0x000000008a500000, 0x000000008a600000|  0%| F|  |TAMS 0x000000008a500000, 0x000000008a500000| Untracked 
| 100|0x000000008a600000, 0x000000008a600000, 0x000000008a700000|  0%| F|  |TAMS 0x000000008a600000, 0x000000008a600000| Untracked 
| 101|0x000000008a700000, 0x000000008a700000, 0x000000008a800000|  0%| F|  |TAMS 0x000000008a700000, 0x000000008a700000| Untracked 
| 102|0x000000008a800000, 0x000000008a800000, 0x000000008a900000|  0%| F|  |TAMS 0x000000008a800000, 0x000000008a800000| Untracked 
| 103|0x000000008a900000, 0x000000008a900000, 0x000000008aa00000|  0%| F|  |TAMS 0x000000008a900000, 0x000000008a900000| Untracked 
| 104|0x000000008aa00000, 0x000000008aa00000, 0x000000008ab00000|  0%| F|  |TAMS 0x000000008aa00000, 0x000000008aa00000| Untracked 
| 105|0x000000008ab00000, 0x000000008ab00000, 0x000000008ac00000|  0%| F|  |TAMS 0x000000008ab00000, 0x000000008ab00000| Untracked 
| 106|0x000000008ac00000, 0x000000008ac00000, 0x000000008ad00000|  0%| F|  |TAMS 0x000000008ac00000, 0x000000008ac00000| Untracked 
| 107|0x000000008ad00000, 0x000000008ad00000, 0x000000008ae00000|  0%| F|  |TAMS 0x000000008ad00000, 0x000000008ad00000| Untracked 
| 108|0x000000008ae00000, 0x000000008ae00000, 0x000000008af00000|  0%| F|  |TAMS 0x000000008ae00000, 0x000000008ae00000| Untracked 
| 109|0x000000008af00000, 0x000000008af00000, 0x000000008b000000|  0%| F|  |TAMS 0x000000008af00000, 0x000000008af00000| Untracked 
| 110|0x000000008b000000, 0x000000008b000000, 0x000000008b100000|  0%| F|  |TAMS 0x000000008b000000, 0x000000008b000000| Untracked 
| 111|0x000000008b100000, 0x000000008b100000, 0x000000008b200000|  0%| F|  |TAMS 0x000000008b100000, 0x000000008b100000| Untracked 
| 112|0x000000008b200000, 0x000000008b200000, 0x000000008b300000|  0%| F|  |TAMS 0x000000008b200000, 0x000000008b200000| Untracked 
| 113|0x000000008b300000, 0x000000008b300000, 0x000000008b400000|  0%| F|  |TAMS 0x000000008b300000, 0x000000008b300000| Untracked 
| 114|0x000000008b400000, 0x000000008b400000, 0x000000008b500000|  0%| F|  |TAMS 0x000000008b400000, 0x000000008b400000| Untracked 
| 115|0x000000008b500000, 0x000000008b500000, 0x000000008b600000|  0%| F|  |TAMS 0x000000008b500000, 0x000000008b500000| Untracked 
| 116|0x000000008b600000, 0x000000008b600000, 0x000000008b700000|  0%| F|  |TAMS 0x000000008b600000, 0x000000008b600000| Untracked 
| 117|0x000000008b700000, 0x000000008b700000, 0x000000008b800000|  0%| F|  |TAMS 0x000000008b700000, 0x000000008b700000| Untracked 
| 118|0x000000008b800000, 0x000000008b800000, 0x000000008b900000|  0%| F|  |TAMS 0x000000008b800000, 0x000000008b800000| Untracked 
| 119|0x000000008b900000, 0x000000008b900000, 0x000000008ba00000|  0%| F|  |TAMS 0x000000008b900000, 0x000000008b900000| Untracked 
| 120|0x000000008ba00000, 0x000000008ba00000, 0x000000008bb00000|  0%| F|  |TAMS 0x000000008ba00000, 0x000000008ba00000| Untracked 
| 121|0x000000008bb00000, 0x000000008bb00000, 0x000000008bc00000|  0%| F|  |TAMS 0x000000008bb00000, 0x000000008bb00000| Untracked 
| 122|0x000000008bc00000, 0x000000008bc80800, 0x000000008bd00000| 50%| E|  |TAMS 0x000000008bc00000, 0x000000008bc00000| Complete 
| 123|0x000000008bd00000, 0x000000008be00000, 0x000000008be00000|100%| E|CS|TAMS 0x000000008bd00000, 0x000000008bd00000| Complete 

Card table byte_map: [0x00000167d2380000,0x00000167d2760000] _byte_map_base: 0x00000167d1f5f000

Marking Bits (Prev, Next): (CMBitMap*) 0x00000167bedfabc0, (CMBitMap*) 0x00000167bedfab88
 Prev Bits: [0x00000167d4a40000, 0x00000167d6938000)
 Next Bits: [0x00000167d2b40000, 0x00000167d4a38000)

Polling page: 0x00000167bcc80000

Metaspace:

Usage:
  Non-class:     27.10 MB capacity,    26.79 MB ( 99%) used,   264.51 KB ( <1%) free+waste,    55.44 KB ( <1%) overhead. 
      Class:      2.34 MB capacity,     2.18 MB ( 93%) used,   139.49 KB (  6%) free+waste,    20.44 KB ( <1%) overhead. 
       Both:     29.44 MB capacity,    28.97 MB ( 98%) used,   404.00 KB (  1%) free+waste,    75.88 KB ( <1%) overhead. 

Virtual space:
  Non-class space:       28.00 MB reserved,      27.25 MB ( 97%) committed 
      Class space:        1.00 GB reserved,       2.38 MB ( <1%) committed 
             Both:        1.03 GB reserved,      29.63 MB (  3%) committed 

Chunk freelists:
   Non-Class:  22.00 KB
       Class:  6.00 KB
        Both:  28.00 KB

CodeHeap 'non-profiled nmethods': size=120000Kb used=4230Kb max_used=4230Kb free=115769Kb
 bounds [0x00000167ca740000, 0x00000167cab70000, 0x00000167d1c70000]
CodeHeap 'profiled nmethods': size=120000Kb used=14231Kb max_used=14231Kb free=105768Kb
 bounds [0x00000167c3210000, 0x00000167c4040000, 0x00000167ca740000]
CodeHeap 'non-nmethods': size=5760Kb used=1677Kb max_used=1726Kb free=4082Kb
 bounds [0x00000167c2c70000, 0x00000167c2ee0000, 0x00000167c3210000]
 total_blobs=6943 nmethods=3784 adapters=1216
 compilation: enabled
              stopped_count=0, restarted_count=0
 full_count=0

Compilation events (10 events):
Event: 335.784 Thread 0x00000167d9c2b000 nmethod 3959 0x00000167c3216710 code [0x00000167c32168c0, 0x00000167c3216a18]
Event: 335.784 Thread 0x00000167d9c2b000 3970       1       imgui.classes.Context::getHoveredIdAllowOverlap (5 bytes)
Event: 335.784 Thread 0x00000167d9c2b000 nmethod 3970 0x00000167cab60f10 code [0x00000167cab610c0, 0x00000167cab611d8]
Event: 335.784 Thread 0x00000167d9c2b000 3964       1       imgui.internal.classes.Window::getNavLastChildNavWindow (5 bytes)
Event: 335.784 Thread 0x00000167d9c2b000 nmethod 3964 0x00000167cab61290 code [0x00000167cab61440, 0x00000167cab61558]
Event: 335.863 Thread 0x00000167d9c26000 3973       4       java.nio.ByteBuffer::limit (6 bytes)
Event: 335.866 Thread 0x00000167d9c26000 nmethod 3973 0x00000167cab61610 code [0x00000167cab617a0, 0x00000167cab61898]
Event: 335.978 Thread 0x00000167d9c2b000 3974       1       imgui.classes.Context::setActiveIdHasBeenEditedThisFrame (6 bytes)
Event: 335.978 Thread 0x00000167d9c2b000 nmethod 3974 0x00000167cab61990 code [0x00000167cab61b40, 0x00000167cab61c58]
Event: 336.032 Thread 0x00000167d9c26000 3975       4       imgui.classes.DrawList::addPolyline (3138 bytes)

GC Heap History (10 events):
Event: 275.184 GC heap before
{Heap before GC invocations=25 (full 0):
 garbage-first heap   total 126976K, used 82090K [0x0000000084200000, 0x0000000100000000)
  region size 1024K, 74 young (75776K), 2 survivors (2048K)
 Metaspace       used 29650K, capacity 30084K, committed 30336K, reserved 1077248K
  class space    used 2233K, capacity 2394K, committed 2432K, reserved 1048576K
}
Event: 275.192 GC heap after
{Heap after GC invocations=26 (full 0):
 garbage-first heap   total 126976K, used 8393K [0x0000000084200000, 0x0000000100000000)
  region size 1024K, 2 young (2048K), 2 survivors (2048K)
 Metaspace       used 29650K, capacity 30084K, committed 30336K, reserved 1077248K
  class space    used 2233K, capacity 2394K, committed 2432K, reserved 1048576K
}
Event: 287.597 GC heap before
{Heap before GC invocations=26 (full 0):
 garbage-first heap   total 126976K, used 82121K [0x0000000084200000, 0x0000000100000000)
  region size 1024K, 74 young (75776K), 2 survivors (2048K)
 Metaspace       used 29650K, capacity 30084K, committed 30336K, reserved 1077248K
  class space    used 2233K, capacity 2394K, committed 2432K, reserved 1048576K
}
Event: 287.608 GC heap after
{Heap after GC invocations=27 (full 0):
 garbage-first heap   total 126976K, used 8458K [0x0000000084200000, 0x0000000100000000)
  region size 1024K, 2 young (2048K), 2 survivors (2048K)
 Metaspace       used 29650K, capacity 30084K, committed 30336K, reserved 1077248K
  class space    used 2233K, capacity 2394K, committed 2432K, reserved 1048576K
}
Event: 299.959 GC heap before
{Heap before GC invocations=27 (full 0):
 garbage-first heap   total 126976K, used 82186K [0x0000000084200000, 0x0000000100000000)
  region size 1024K, 74 young (75776K), 2 survivors (2048K)
 Metaspace       used 29650K, capacity 30084K, committed 30336K, reserved 1077248K
  class space    used 2233K, capacity 2394K, committed 2432K, reserved 1048576K
}
Event: 299.966 GC heap after
{Heap after GC invocations=28 (full 0):
 garbage-first heap   total 126976K, used 8585K [0x0000000084200000, 0x0000000100000000)
  region size 1024K, 2 young (2048K), 2 survivors (2048K)
 Metaspace       used 29650K, capacity 30084K, committed 30336K, reserved 1077248K
  class space    used 2233K, capacity 2394K, committed 2432K, reserved 1048576K
}
Event: 312.288 GC heap before
{Heap before GC invocations=28 (full 0):
 garbage-first heap   total 126976K, used 82313K [0x0000000084200000, 0x0000000100000000)
  region size 1024K, 74 young (75776K), 2 survivors (2048K)
 Metaspace       used 29650K, capacity 30084K, committed 30336K, reserved 1077248K
  class space    used 2233K, capacity 2394K, committed 2432K, reserved 1048576K
}
Event: 312.296 GC heap after
{Heap after GC invocations=29 (full 0):
 garbage-first heap   total 126976K, used 8612K [0x0000000084200000, 0x0000000100000000)
  region size 1024K, 2 young (2048K), 2 survivors (2048K)
 Metaspace       used 29650K, capacity 30084K, committed 30336K, reserved 1077248K
  class space    used 2233K, capacity 2394K, committed 2432K, reserved 1048576K
}
Event: 324.701 GC heap before
{Heap before GC invocations=29 (full 0):
 garbage-first heap   total 126976K, used 82340K [0x0000000084200000, 0x0000000100000000)
  region size 1024K, 74 young (75776K), 2 survivors (2048K)
 Metaspace       used 29650K, capacity 30084K, committed 30336K, reserved 1077248K
  class space    used 2233K, capacity 2394K, committed 2432K, reserved 1048576K
}
Event: 324.714 GC heap after
{Heap after GC invocations=30 (full 0):
 garbage-first heap   total 126976K, used 8673K [0x0000000084200000, 0x0000000100000000)
  region size 1024K, 2 young (2048K), 2 survivors (2048K)
 Metaspace       used 29650K, capacity 30084K, committed 30336K, reserved 1077248K
  class space    used 2233K, capacity 2394K, committed 2432K, reserved 1048576K
}

Deoptimization events (10 events):
Event: 336.012 Thread 0x00000167bedbd000 DEOPT PACKING pc=0x00000167cab3cb10 sp=0x0000000b068ff140
Event: 336.012 Thread 0x00000167bedbd000 DEOPT UNPACKING pc=0x00000167c2c98f2f sp=0x0000000b068ff0c0 mode 2
Event: 336.030 Thread 0x00000167bedbd000 Uncommon trap: trap_request=0xffffffde fr.pc=0x00000167cab3cb10 relative=0x0000000000001650
Event: 336.030 Thread 0x00000167bedbd000 Uncommon trap: reason=class_check action=maybe_recompile pc=0x00000167cab3cb10 method=sol_engine.creator.CreatorSystem.lambda$onUpdate$4(Lsol_engine/graphics_module/imgui/GuiCommands;Lsol_engine/graphics_module/GraphicsModule;Lsol_engine/creator/CreatorSy
Event: 336.030 Thread 0x00000167bedbd000 DEOPT PACKING pc=0x00000167cab3cb10 sp=0x0000000b068ff140
Event: 336.030 Thread 0x00000167bedbd000 DEOPT UNPACKING pc=0x00000167c2c98f2f sp=0x0000000b068ff0c0 mode 2
Event: 336.032 Thread 0x00000167bedbd000 DEOPT PACKING pc=0x00000167c3f1c92f sp=0x0000000b068fe370
Event: 336.032 Thread 0x00000167bedbd000 DEOPT UNPACKING pc=0x00000167c2c98d4e sp=0x0000000b068fde98 mode 0
Event: 336.097 Thread 0x00000167bedbd000 DEOPT PACKING pc=0x00000167c3f1c92f sp=0x0000000b068fe360
Event: 336.097 Thread 0x00000167bedbd000 DEOPT UNPACKING pc=0x00000167c2c98d4e sp=0x0000000b068fde88 mode 0

Classes redefined (0 events):
No events

Internal exceptions (10 events):
Event: 4.870 Thread 0x00000167bedbd000 Exception <a 'java/lang/NoSuchMethodError'{0x000000008ab05138}: 'void java.lang.invoke.DirectMethodHandle$Holder.invokeSpecial(java.lang.Object, java.lang.Object, java.lang.Object, java.lang.Object, java.lang.Object)'> (0x000000008ab05138) thrown at [c:/B
Event: 4.876 Thread 0x00000167bedbd000 Exception <a 'java/lang/NoSuchMethodError'{0x000000008ab3f5a0}: 'void java.lang.invoke.DirectMethodHandle$Holder.invokeStatic(java.lang.Object, java.lang.Object, java.lang.Object, java.lang.Object, java.lang.Object, java.lang.Object)'> (0x000000008ab3f5a0
Event: 4.891 Thread 0x00000167bedbd000 Exception <a 'java/lang/NoSuchMethodError'{0x000000008aba7500}: 'void java.lang.invoke.DirectMethodHandle$Holder.invokeSpecial(java.lang.Object, java.lang.Object, java.lang.Object, java.lang.Object, java.lang.Object, java.lang.Object)'> (0x000000008aba750
Event: 4.928 Thread 0x00000167bedbd000 Exception <a 'java/lang/NoSuchMethodError'{0x000000008a9e6d88}: 'java.lang.Object java.lang.invoke.DirectMethodHandle$Holder.invokeStatic(java.lang.Object, java.lang.Object, java.lang.Object, java.lang.Object, int)'> (0x000000008a9e6d88) thrown at [c:/Bui
Event: 4.997 Thread 0x00000167bedbd000 Exception <a 'java/lang/NoSuchMethodError'{0x000000008a7837e8}: 'java.lang.Object java.lang.invoke.DirectMethodHandle$Holder.invokeStatic(java.lang.Object, java.lang.Object, java.lang.Object, java.lang.Object, java.lang.Object, java.lang.Object, java.lang
Event: 4.998 Thread 0x00000167bedbd000 Exception <a 'java/lang/NoSuchMethodError'{0x000000008a791990}: 'java.lang.Object java.lang.invoke.DirectMethodHandle$Holder.invokeStatic(java.lang.Object, java.lang.Object, java.lang.Object, java.lang.Object, java.lang.Object, java.lang.Object, java.lang
Event: 53.462 Thread 0x00000167bedbd000 Implicit null exception at 0x00000167ca85cd31 to 0x00000167ca85ec4a
Event: 53.479 Thread 0x00000167bedbd000 Implicit null exception at 0x00000167ca841691 to 0x00000167ca84273e
Event: 59.604 Thread 0x00000167bedbd000 Exception <a 'java/lang/NoSuchMethodError'{0x00000000881b7270}: 'int java.lang.invoke.DirectMethodHandle$Holder.invokeInterface(java.lang.Object, java.lang.Object)'> (0x00000000881b7270) thrown at [c:/BuildAgent/work/5ff2f6c26000d570/src/hotspot/share/int
Event: 59.606 Thread 0x00000167bedbd000 Implicit null exception at 0x00000167ca9deb56 to 0x00000167ca9dec5b

Events (10 events):
Event: 287.597 Executing VM operation: G1CollectForAllocation
Event: 287.608 Executing VM operation: G1CollectForAllocation done
Event: 299.959 Executing VM operation: G1CollectForAllocation
Event: 299.966 Executing VM operation: G1CollectForAllocation done
Event: 312.288 Executing VM operation: G1CollectForAllocation
Event: 312.296 Executing VM operation: G1CollectForAllocation done
Event: 324.701 Executing VM operation: G1CollectForAllocation
Event: 324.714 Executing VM operation: G1CollectForAllocation done
Event: 335.349 loading class glm_/func/func_trigonometric$DefaultImpls
Event: 335.349 loading class glm_/func/func_trigonometric$DefaultImpls done


Dynamic libraries:
0x00007ff74afc0000 - 0x00007ff74b007000 	C:\Program Files\JetBrains\IntelliJ IDEA 2019.2.2\jbr\bin\java.exe
0x00007ff9a8400000 - 0x00007ff9a85f0000 	C:\Windows\SYSTEM32\ntdll.dll
0x00007ff9a7a80000 - 0x00007ff9a7b32000 	C:\Windows\System32\KERNEL32.DLL
0x00007ff9a5610000 - 0x00007ff9a58b3000 	C:\Windows\System32\KERNELBASE.dll
0x00007ff9a7840000 - 0x00007ff9a79d4000 	C:\Windows\System32\USER32.dll
0x00007ff9a5c10000 - 0x00007ff9a5c31000 	C:\Windows\System32\win32u.dll
0x00007ff9a7a50000 - 0x00007ff9a7a76000 	C:\Windows\System32\GDI32.dll
0x00007ff9a5a70000 - 0x00007ff9a5c04000 	C:\Windows\System32\gdi32full.dll
0x00007ff9a5390000 - 0x00007ff9a542e000 	C:\Windows\System32\msvcp_win.dll
0x00007ff9a5430000 - 0x00007ff9a552a000 	C:\Windows\System32\ucrtbase.dll
0x00007ff9910e0000 - 0x00007ff991365000 	C:\Windows\WinSxS\amd64_microsoft.windows.common-controls_6595b64144ccf1df_6.0.18362.592_none_e6c0b1911312be02\COMCTL32.dll
0x00007ff9a64d0000 - 0x00007ff9a656e000 	C:\Windows\System32\msvcrt.dll
0x00007ff9a7500000 - 0x00007ff9a7836000 	C:\Windows\System32\combase.dll
0x00007ff9a6570000 - 0x00007ff9a6690000 	C:\Windows\System32\RPCRT4.dll
0x00007ff9a6410000 - 0x00007ff9a6490000 	C:\Windows\System32\bcryptPrimitives.dll
0x00007ff9a6730000 - 0x00007ff9a675e000 	C:\Windows\System32\IMM32.DLL
0x00007ff9929d0000 - 0x00007ff9929e7000 	C:\Program Files\JetBrains\IntelliJ IDEA 2019.2.2\jbr\bin\vcruntime140.dll
0x00007ff970150000 - 0x00007ff9701ed000 	C:\Program Files\JetBrains\IntelliJ IDEA 2019.2.2\jbr\bin\msvcp140.dll
0x00007ff965910000 - 0x00007ff9663c8000 	C:\Program Files\JetBrains\IntelliJ IDEA 2019.2.2\jbr\bin\server\jvm.dll
0x00007ff9a69d0000 - 0x00007ff9a6a73000 	C:\Windows\System32\ADVAPI32.dll
0x00007ff9a6690000 - 0x00007ff9a6727000 	C:\Windows\System32\sechost.dll
0x00007ff9a67d0000 - 0x00007ff9a67d8000 	C:\Windows\System32\PSAPI.DLL
0x00007ff99c8b0000 - 0x00007ff99c8d4000 	C:\Windows\SYSTEM32\WINMM.dll
0x00007ff99bc20000 - 0x00007ff99bc29000 	C:\Windows\SYSTEM32\WSOCK32.dll
0x00007ff99a130000 - 0x00007ff99a13a000 	C:\Windows\SYSTEM32\VERSION.dll
0x00007ff9a72d0000 - 0x00007ff9a733f000 	C:\Windows\System32\WS2_32.dll
0x00007ff99c880000 - 0x00007ff99c8ad000 	C:\Windows\SYSTEM32\winmmbase.dll
0x00007ff9a5c40000 - 0x00007ff9a5c8a000 	C:\Windows\System32\cfgmgr32.dll
0x00007ff9a5320000 - 0x00007ff9a5331000 	C:\Windows\System32\kernel.appcore.dll
0x00007ff991380000 - 0x00007ff991391000 	C:\Program Files\JetBrains\IntelliJ IDEA 2019.2.2\jbr\bin\verify.dll
0x00007ff9a33d0000 - 0x00007ff9a35c4000 	C:\Windows\SYSTEM32\DBGHELP.DLL
0x00007ff980c20000 - 0x00007ff980c4a000 	C:\Windows\SYSTEM32\dbgcore.DLL
0x00007ff98c770000 - 0x00007ff98c799000 	C:\Program Files\JetBrains\IntelliJ IDEA 2019.2.2\jbr\bin\java.dll
0x00007ff98e430000 - 0x00007ff98e447000 	C:\Program Files\JetBrains\IntelliJ IDEA 2019.2.2\jbr\bin\zip.dll
0x00007ff991ec0000 - 0x00007ff991ecb000 	C:\Program Files\JetBrains\IntelliJ IDEA 2019.2.2\jbr\bin\jimage.dll
0x00007ff9a6be0000 - 0x00007ff9a72c5000 	C:\Windows\System32\SHELL32.dll
0x00007ff9a7dc0000 - 0x00007ff9a7e69000 	C:\Windows\System32\shcore.dll
0x00007ff9a5c90000 - 0x00007ff9a640f000 	C:\Windows\System32\windows.storage.dll
0x00007ff9a5300000 - 0x00007ff9a531f000 	C:\Windows\System32\profapi.dll
0x00007ff9a5340000 - 0x00007ff9a538a000 	C:\Windows\System32\powrprof.dll
0x00007ff9a52d0000 - 0x00007ff9a52e0000 	C:\Windows\System32\UMPDC.dll
0x00007ff9a7ef0000 - 0x00007ff9a7f42000 	C:\Windows\System32\shlwapi.dll
0x00007ff9a6490000 - 0x00007ff9a64a7000 	C:\Windows\System32\cryptsp.dll
0x00007ff98c750000 - 0x00007ff98c76a000 	C:\Program Files\JetBrains\IntelliJ IDEA 2019.2.2\jbr\bin\net.dll
0x00007ff99d9e0000 - 0x00007ff99dad0000 	C:\Windows\SYSTEM32\WINHTTP.dll
0x00007ff993f10000 - 0x00007ff9940e6000 	C:\Windows\SYSTEM32\urlmon.dll
0x00007ff993c60000 - 0x00007ff993f06000 	C:\Windows\SYSTEM32\iertutil.dll
0x00007ff9a4d10000 - 0x00007ff9a4d1c000 	C:\Windows\SYSTEM32\CRYPTBASE.DLL
0x00007ff9a4b40000 - 0x00007ff9a4ba7000 	C:\Windows\system32\mswsock.dll
0x00007ff98c730000 - 0x00007ff98c744000 	C:\Program Files\JetBrains\IntelliJ IDEA 2019.2.2\jbr\bin\nio.dll
0x00007ff9a46b0000 - 0x00007ff9a46e3000 	C:\Windows\system32\rsaenh.dll
0x00007ff9a5530000 - 0x00007ff9a5556000 	C:\Windows\System32\bcrypt.dll
0x00007ff9a51f0000 - 0x00007ff9a5215000 	C:\Windows\SYSTEM32\USERENV.dll
0x00007ff9a4850000 - 0x00007ff9a488a000 	C:\Windows\SYSTEM32\IPHLPAPI.DLL
0x00007ff9a6760000 - 0x00007ff9a6768000 	C:\Windows\System32\NSI.dll
0x00007ff998f60000 - 0x00007ff998f76000 	C:\Windows\SYSTEM32\dhcpcsvc6.DLL
0x00007ff998ea0000 - 0x00007ff998ebc000 	C:\Windows\SYSTEM32\dhcpcsvc.DLL
0x00007ff9a4890000 - 0x00007ff9a495a000 	C:\Windows\SYSTEM32\DNSAPI.dll
0x00007ff99a9e0000 - 0x00007ff99aa44000 	C:\Users\eirik\AppData\Local\Temp\lwjgleirik\3.2.3-build-13\lwjgl.dll
0x00007ff99a710000 - 0x00007ff99a772000 	C:\Users\eirik\AppData\Local\Temp\lwjgleirik\3.2.3-build-13\glfw.dll
0x00007ff99fe20000 - 0x00007ff99feb9000 	C:\Windows\system32\uxtheme.dll
0x00007ff99a6c0000 - 0x00007ff99a703000 	C:\Windows\SYSTEM32\dinput8.dll
0x00007ff992510000 - 0x00007ff992521000 	C:\Windows\SYSTEM32\xinput1_4.dll
0x00007ff9a50d0000 - 0x00007ff9a50fa000 	C:\Windows\SYSTEM32\DEVOBJ.dll
0x00007ff9a3700000 - 0x00007ff9a372d000 	C:\Windows\SYSTEM32\dwmapi.dll
0x00007ff9916d0000 - 0x00007ff9917ea000 	C:\Windows\SYSTEM32\inputhost.dll
0x00007ff99d880000 - 0x00007ff99d9d3000 	C:\Windows\SYSTEM32\wintypes.dll
0x00007ff99b0c0000 - 0x00007ff99b3ea000 	C:\Windows\SYSTEM32\CoreUIComponents.dll
0x00007ff99f430000 - 0x00007ff99f504000 	C:\Windows\SYSTEM32\CoreMessaging.dll
0x00007ff9a31a0000 - 0x00007ff9a328f000 	C:\Windows\SYSTEM32\PROPSYS.dll
0x00007ff9a7cf0000 - 0x00007ff9a7db4000 	C:\Windows\System32\OLEAUT32.dll
0x00007ff9a4330000 - 0x00007ff9a4361000 	C:\Windows\SYSTEM32\ntmarta.dll
0x00007ff9a67e0000 - 0x00007ff9a6915000 	C:\Windows\System32\MSCTF.dll
0x00007ff9a3ee0000 - 0x00007ff9a3eee000 	C:\Windows\SYSTEM32\HID.DLL
0x00007ff9a7f50000 - 0x00007ff9a83c0000 	C:\Windows\System32\SETUPAPI.DLL
0x00007ff9a58c0000 - 0x00007ff9a591c000 	C:\Windows\System32\WINTRUST.dll
0x00007ff9a52e0000 - 0x00007ff9a52f2000 	C:\Windows\System32\MSASN1.dll
0x00007ff9a5920000 - 0x00007ff9a5a69000 	C:\Windows\System32\CRYPT32.dll
0x00007ff98e6d0000 - 0x00007ff98e826000 	C:\Windows\SYSTEM32\opengl32.dll
0x00007ff98e660000 - 0x00007ff98e68c000 	C:\Windows\SYSTEM32\GLU32.dll
0x00007ff9a3f40000 - 0x00007ff9a3f60000 	C:\Windows\SYSTEM32\dxcore.dll
0x00007ff94c4f0000 - 0x00007ff94d44c000 	C:\Windows\System32\DriverStore\FileRepository\iigd_dch.inf_amd64_9e6df43d20826287\ig9icd64.dll
0x00007ff9a6a80000 - 0x00007ff9a6bd6000 	C:\Windows\System32\OLE32.DLL
0x00007ff9a3fd0000 - 0x00007ff9a40bb000 	C:\Windows\system32\dxgi.dll
0x00007ff994e20000 - 0x00007ff997176000 	C:\Windows\System32\DriverStore\FileRepository\iigd_dch.inf_amd64_9e6df43d20826287\igc64.dll
0x00007ff997290000 - 0x00007ff9973e2000 	C:\Windows\System32\DriverStore\FileRepository\iigd_dch.inf_amd64_9e6df43d20826287\igdgmm64.dll
0x00007ff9924b0000 - 0x00007ff992509000 	C:\Users\eirik\AppData\Local\Temp\lwjgleirik\3.2.3-build-13\lwjgl_opengl.dll
0x00007ff992090000 - 0x00007ff99212e000 	C:\Windows\System32\TextInputFramework.dll
0x00007ff992430000 - 0x00007ff9924a7000 	C:\Users\eirik\AppData\Local\Temp\lwjgleirik\3.2.3-build-13\lwjgl_stb.dll

dbghelp: loaded successfully - version: 4.0.5 - missing functions: none
symbol engine: initialized successfully - sym options: 0x614 - pdb path: .;C:\Program Files\JetBrains\IntelliJ IDEA 2019.2.2\jbr\bin;C:\Windows\SYSTEM32;C:\Windows\WinSxS\amd64_microsoft.windows.common-controls_6595b64144ccf1df_6.0.18362.592_none_e6c0b1911312be02;C:\Program Files\JetBrains\IntelliJ IDEA 2019.2.2\jbr\bin\server;C:\Users\eirik\AppData\Local\Temp\lwjgleirik\3.2.3-build-13;C:\Windows\System32\DriverStore\FileRepository\iigd_dch.inf_amd64_9e6df43d20826287

VM Arguments:
jvm_args: -Dfile.encoding=windows-1252 -Duser.country=US -Duser.language=en -Duser.variant 
java_command: sol_game.Main
java_class_path (initial): C:\Users\eirik\OneDrive - NTNU\code_projects\sol_champ_project\sol_champ\sol_game\build\classes\java\main;C:\Users\eirik\OneDrive - NTNU\code_projects\sol_champ_project\sol_champ\sol_game\build\classes\kotlin\main;C:\Users\eirik\OneDrive - NTNU\code_projects\sol_champ_project\sol_champ\sol_game\build\resources\main;C:\Users\eirik\.gradle\caches\modules-2\files-2.1\org.java-websocket\Java-WebSocket\1.4.0\151a9c66b366be3619e20f6b1c8ed65e51b73959\Java-WebSocket-1.4.0.jar;C:\Users\eirik\OneDrive - NTNU\code_projects\sol_champ_project\sol_champ\sol_engine\build\libs\sol_engine-1.0.jar;C:\Users\eirik\.gradle\caches\modules-2\files-2.1\com.github.java-json-tools\json-schema-validator\2.2.10\bc3206079bdea41d4f751eb32b73ce2c9cdcea7b\json-schema-validator-2.2.10.jar;C:\Users\eirik\.gradle\caches\modules-2\files-2.1\com.github.java-json-tools\json-schema-core\1.2.10\12f7cbebacca86d6358dabcdcf63f2bc750387b8\json-schema-core-1.2.10.jar;C:\Users\eirik\.gradle\caches\modules-2\files-2.1\com.github.java-json-tools\jackson-coreutils\1.9\28586d71187cb3df89436e6851f846260aa8cf63\jackson-coreutils-1.9.jar;C:\Users\eirik\.gradle\caches\modules-2\files-2.1\com.fasterxml.jackson.core\jackson-databind\2.9.8\11283f21cc480aa86c4df7a0a3243ec508372ed2\jackson-databind-2.9.8.jar;C:\Users\eirik\.gradle\caches\modules-2\files-2.1\com.github.kotlin-graphics.imgui\imgui-gl\1.74\3f2b0e8e73a565a65e23428bed171f00b2b7f1bd\imgui-gl-1.74.jar;C:\Users\eirik\.gradle\caches\modules-2\files-2.1\com.github.kotlin-graphics.imgui\imgui-glfw\1.74\b618c4b1db42d4d651035b14004cf9086cd68b66\imgui-glfw-1.74.jar;C:\Users\eirik\.gradle\caches\modules-2\files-2.1\com.github.kotlin-graphics.imgui\imgui-core\1.74\839876fd17818cdc1c90c0c4485859de14e17864\imgui-core-1.74.jar;C:\Users\eirik\.gradle\caches\modules-2\files-2.1\com.github.kotlin-graphics\uno-sdk\f528113bf45e43406953d6881915467d85a20881\e8edca4383d6dba1d0315f820e97465e30da2a5c\uno-sdk-f528113bf45e43406953d6881915467d85a20881.jar;C:\U
Launcher Type: SUN_STANDARD

